<?xml version="1.0" encoding="UTF-8"?>
<Site BuildName="Win32-ninja"
	BuildStamp="20240803-1545-Experimental"
	Name="DESKTOP-LV8ECVC"
	Generator="ctest-3.28.1"
	CompilerName="C:/msys64/mingw64/bin/c++.exe"
	CompilerVersion="13.2.0"
	OSName="Windows"
	Hostname="DESKTOP-LV8ECVC"
	OSRelease=" Professional"
	OSVersion=" (Build 19045)"
	OSPlatform="AMD64"
	Is64Bits="1"
	VendorString=""
	VendorID="Unknown Manufacturer"
	FamilyID="0"
	ModelID="0"
	ProcessorCacheSize="0"
	NumberOfLogicalCPU="12"
	NumberOfPhysicalCPU="6"
	TotalVirtualMemory="19273"
	TotalPhysicalMemory="16163"
	LogicalProcessorsPerPhysical="2"
	ProcessorClockFrequency="2688"
	>
	<Testing>
		<StartDateTime>Aug 03 18:51 Turkey Standard Time</StartDateTime>
		<StartTestTime>1722700312</StartTestTime>
		<TestList/>
		<EndDateTime>Aug 03 18:51 Turkey Standard Time</EndDateTime>
		<EndTestTime>1722700312</EndTestTime>
		<ElapsedMinutes>0</ElapsedMinutes>
	</Testing>
</Site>
